<?xml version="1.0" encoding="UTF-8"?>
<testsuite name="FailingTest" tests="3" skipped="0" failures="0" errors="0" timestamp="2022-05-13T05:11:47" hostname="WAR" time="0.009">
  <properties/>
  <testcase name="test1" classname="FailingTest" time="0.006"/>
  <testcase name="test2" classname="FailingTest" time="0.001"/>
  <testcase name="test3" classname="FailingTest" time="0.001"/>
  <system-out><![CDATA[]]></system-out>
  <system-err><![CDATA[]]></system-err>
</testsuite>
